{"name": "test_calc_sum1[3-3-7]", "status": "failed", "statusDetails": {"message": "AssertionError: assert 6 == 7", "trace": "input1 = 3, input2 = 3, output = 7\n\n    @pytest.mark.parametrize('input1, input2, output',\n        [\n            (2,3,5),\n            (3,3,7),\n            (5,5,10)\n    \n        ]\n    )\n    def test_calc_sum1(input1, input2, output):\n        result = sum(input1,input2)\n>       assert result == output\nE       assert 6 == 7\n\ntest_parameterization_demo.py:15: AssertionError"}, "parameters": [{"name": "input1", "value": "3"}, {"name": "input2", "value": "3"}, {"name": "output", "value": "7"}], "start": 1592423434965, "stop": 1592423434966, "uuid": "c692da17-7fd7-4e18-9c3d-4fedf389715d", "historyId": "f948a61183fdf64d0196c9ee932215ea", "testCaseId": "3910426a497ae1326358bdc49e895cd4", "fullName": "test_parameterization_demo#test_calc_sum1", "labels": [{"name": "suite", "value": "test_parameterization_demo"}, {"name": "host", "value": "DESKTOP-A2PE63P"}, {"name": "thread", "value": "2376-MainThread"}, {"name": "framework", "value": "pytest"}, {"name": "language", "value": "cpython3"}, {"name": "package", "value": "test_parameterization_demo"}]}